180209 13:03:30 mysqld_safe Logging to '/Applications/MAMP/logs/mysql_error_log.err'.
180209 13:03:30 mysqld_safe Starting mysqld daemon with databases from /Applications/MAMP/db/mysql56
2018-02-09 13:03:31 0 [Warning] TIMESTAMP with implicit DEFAULT value is deprecated. Please use --explicit_defaults_for_timestamp server option (see documentation for more details).
2018-02-09 13:03:31 0 [Note] --secure-file-priv is set to NULL. Operations related to importing and exporting data are disabled
2018-02-09 13:03:31 0 [Note] /Applications/MAMP/Library/bin/mysqld (mysqld 5.6.38) starting as process 62517 ...
2018-02-09 13:03:31 62517 [Warning] Setting lower_case_table_names=2 because file system for /Applications/MAMP/db/mysql56/ is case insensitive
2018-02-09 13:03:31 62517 [Note] Plugin 'FEDERATED' is disabled.
2018-02-09 13:03:31 62517 [Note] InnoDB: Using atomics to ref count buffer pool pages
2018-02-09 13:03:31 62517 [Note] InnoDB: The InnoDB memory heap is disabled
2018-02-09 13:03:31 62517 [Note] InnoDB: Mutexes and rw_locks use GCC atomic builtins
2018-02-09 13:03:31 62517 [Note] InnoDB: Memory barrier is not used
2018-02-09 13:03:31 62517 [Note] InnoDB: Compressed tables use zlib 1.2.8
2018-02-09 13:03:31 62517 [Note] InnoDB: Using CPU crc32 instructions
2018-02-09 13:03:31 62517 [Note] InnoDB: Initializing buffer pool, size = 128.0M
2018-02-09 13:03:31 62517 [Note] InnoDB: Completed initialization of buffer pool
2018-02-09 13:03:31 62517 [Note] InnoDB: Highest supported file format is Barracuda.
2018-02-09 13:03:31 62517 [Note] InnoDB: 128 rollback segment(s) are active.
2018-02-09 13:03:31 62517 [Note] InnoDB: Waiting for purge to start
2018-02-09 13:03:31 62517 [Note] InnoDB: 5.6.38 started; log sequence number 1626007
2018-02-09 13:03:31 62517 [Note] RSA private key file not found: /Applications/MAMP/db/mysql56//private_key.pem. Some authentication plugins will not work.
2018-02-09 13:03:31 62517 [Note] RSA public key file not found: /Applications/MAMP/db/mysql56//public_key.pem. Some authentication plugins will not work.
2018-02-09 13:03:31 62517 [Note] Server hostname (bind-address): '*'; port: 8889
2018-02-09 13:03:31 62517 [Note] IPv6 is available.
2018-02-09 13:03:31 62517 [Note]   - '::' resolves to '::';
2018-02-09 13:03:31 62517 [Note] Server socket created on IP: '::'.
2018-02-09 13:03:31 62517 [Note] Event Scheduler: Loaded 0 events
2018-02-09 13:03:31 62517 [Note] /Applications/MAMP/Library/bin/mysqld: ready for connections.
Version: '5.6.38'  socket: '/Applications/MAMP/tmp/mysql/mysql.sock'  port: 8889  MySQL Community Server (GPL)
